#
# There is insufficient memory for the Java Runtime Environment to continue.
# Native memory allocation (malloc) failed to allocate 300816 bytes for Chunk::new
# Possible reasons:
#   The system is out of physical RAM or swap space
#   In 32 bit mode, the process size limit was hit
# Possible solutions:
#   Reduce memory load on the system
#   Increase physical memory or swap space
#   Check if swap backing store is full
#   Use 64 bit Java on a 64 bit OS
#   Decrease Java heap size (-Xmx/-Xms)
#   Decrease number of Java threads
#   Decrease Java thread stack sizes (-Xss)
#   Set larger code cache with -XX:ReservedCodeCacheSize=
# This output file may be truncated or incomplete.
#
#  Out of Memory Error (allocation.cpp:390), pid=6160, tid=0x0000000000009f28
#
# JRE version: Java(TM) SE Runtime Environment (8.0_121-b13) (build 1.8.0_121-b13)
# Java VM: Java HotSpot(TM) 64-Bit Server VM (25.121-b13 mixed mode windows-amd64 compressed oops)
# Failed to write core dump. Minidumps are not enabled by default on client versions of Windows
#

---------------  T H R E A D  ---------------

Current thread (0x000000001793a000):  JavaThread "C2 CompilerThread0" daemon [_thread_in_native, id=40744, stack(0x0000000019460000,0x0000000019560000)]

Stack: [0x0000000019460000,0x0000000019560000]
[error occurred during error reporting (printing stack bounds), id 0xc0000005]

Native frames: (J=compiled Java code, j=interpreted, Vv=VM code, C=native code)


Current CompileTask:
C2: 187195 3436       4       freemarker.template.Template$LineTableBuilder::handleChar (190 bytes)


---------------  P R O C E S S  ---------------

Java Threads: ( => current thread )
  0x000000001a6c4000 JavaThread "AsyncHttpClient-1-9" daemon [_thread_in_native, id=18044, stack(0x0000000027320000,0x0000000027420000)]
  0x000000001a6bc800 JavaThread "AsyncHttpClient-1-8" daemon [_thread_in_native, id=22432, stack(0x0000000026100000,0x0000000026200000)]
  0x000000001a6c2800 JavaThread "Exec Stream Pumper" daemon [_thread_in_native, id=19896, stack(0x0000000025f00000,0x0000000026000000)]
  0x000000001a6be000 JavaThread "Exec Stream Pumper" daemon [_thread_in_native, id=18164, stack(0x0000000025e00000,0x0000000025f00000)]
  0x000000001a6bd000 JavaThread "Driver Service Executor" daemon [_thread_blocked, id=31444, stack(0x0000000025d00000,0x0000000025e00000)]
  0x000000001a6c1800 JavaThread "Driver Service Executor" daemon [_thread_blocked, id=38560, stack(0x00000000239e0000,0x0000000023ae0000)]
  0x000000001a6bb000 JavaThread "Exec Default Executor" daemon [_thread_in_native, id=46864, stack(0x00000000227d0000,0x00000000228d0000)]
  0x000000001a6ba000 JavaThread "AsyncHttpClient-1-7" daemon [_thread_in_native, id=31636, stack(0x0000000024bf0000,0x0000000024cf0000)]
  0x000000001a6c1000 JavaThread "AsyncHttpClient-1-6" daemon [_thread_in_native, id=46620, stack(0x0000000023ae0000,0x0000000023be0000)]
  0x000000001a6bf800 JavaThread "AsyncHttpClient-1-5" daemon [_thread_in_native, id=48424, stack(0x00000000228d0000,0x00000000229d0000)]
  0x000000001a6be800 JavaThread "Exec Stream Pumper" daemon [_thread_in_native, id=23324, stack(0x00000000226d0000,0x00000000227d0000)]
  0x000000001a7a7800 JavaThread "Exec Stream Pumper" daemon [_thread_in_native, id=34572, stack(0x00000000225d0000,0x00000000226d0000)]
  0x000000001a7a6800 JavaThread "UrlChecker-3" daemon [_thread_blocked, id=44596, stack(0x00000000224d0000,0x00000000225d0000)]
  0x000000001a7a8000 JavaThread "Driver Service Executor" daemon [_thread_blocked, id=31888, stack(0x000000001c7d0000,0x000000001c8d0000)]
  0x000000001a7ac800 JavaThread "Driver Service Executor" daemon [_thread_blocked, id=48016, stack(0x0000000001090000,0x0000000001190000)]
  0x000000001a7a9800 JavaThread "Exec Default Executor" daemon [_thread_in_native, id=10964, stack(0x0000000000e90000,0x0000000000f90000)]
  0x000000001a7ab000 JavaThread "AsyncHttpClient-1-4" daemon [_thread_in_native, id=27036, stack(0x000000001f0b0000,0x000000001f1b0000)]
  0x000000001a7a6000 JavaThread "AsyncHttpClient-1-3" daemon [_thread_in_native, id=46824, stack(0x000000001cad0000,0x000000001cbd0000)]
  0x000000001a7aa800 JavaThread "AsyncHttpClient-1-2" daemon [_thread_in_native, id=45532, stack(0x000000001cdd0000,0x000000001ced0000)]
  0x0000000019e8c000 JavaThread "Exec Stream Pumper" daemon [_thread_in_native, id=43220, stack(0x000000001c9d0000,0x000000001cad0000)]
  0x000000001a587000 JavaThread "Exec Stream Pumper" daemon [_thread_in_native, id=21908, stack(0x000000001c8d0000,0x000000001c9d0000)]
  0x0000000019d6a000 JavaThread "Driver Service Executor" daemon [_thread_blocked, id=49936, stack(0x000000001c6d0000,0x000000001c7d0000)]
  0x000000001908a000 JavaThread "Driver Service Executor" daemon [_thread_blocked, id=41600, stack(0x000000001c5d0000,0x000000001c6d0000)]
  0x0000000019fd2000 JavaThread "Exec Default Executor" daemon [_thread_in_native, id=25428, stack(0x000000001c4d0000,0x000000001c5d0000)]
  0x000000001a828000 JavaThread "AsyncHttpClient-1-1" daemon [_thread_blocked, id=26860, stack(0x000000001bfd0000,0x000000001c0d0000)]
  0x000000001796e000 JavaThread "Service Thread" daemon [_thread_blocked, id=46668, stack(0x0000000019760000,0x0000000019860000)]
  0x0000000017948800 JavaThread "C1 CompilerThread2" daemon [_thread_blocked, id=15160, stack(0x0000000019660000,0x0000000019760000)]
  0x000000001793d000 JavaThread "C2 CompilerThread1" daemon [_thread_blocked, id=38408, stack(0x0000000019560000,0x0000000019660000)]
=>0x000000001793a000 JavaThread "C2 CompilerThread0" daemon [_thread_in_native, id=40744, stack(0x0000000019460000,0x0000000019560000)]
  0x0000000018fa3000 JavaThread "Monitor Ctrl-Break" daemon [_thread_in_native, id=48092, stack(0x0000000019360000,0x0000000019460000)]
  0x0000000017912000 JavaThread "Attach Listener" daemon [_thread_blocked, id=32252, stack(0x0000000018e60000,0x0000000018f60000)]
  0x000000001791f000 JavaThread "Signal Dispatcher" daemon [_thread_blocked, id=37752, stack(0x0000000018d60000,0x0000000018e60000)]
  0x0000000002d1d800 JavaThread "Finalizer" daemon [_thread_blocked, id=3196, stack(0x0000000018b60000,0x0000000018c60000)]
  0x0000000002d18000 JavaThread "Reference Handler" daemon [_thread_blocked, id=49960, stack(0x0000000018a60000,0x0000000018b60000)]
  0x0000000002c28800 JavaThread "main" [_thread_in_Java, id=20780, stack(0x0000000002b20000,0x0000000002c20000)]

Other Threads:
  0x00000000178d7800 VMThread [stack: 0x0000000018960000,0x0000000018a60000] [id=10432]
  0x000000001903f000 WatcherThread [stack: 0x0000000019860000,0x0000000019960000] [id=42444]

VM state:not at safepoint (normal execution)

VM Mutex/Monitor currently owned by a thread: None

Heap:
 PSYoungGen      total 103424K, used 27105K [0x00000000d6000000, 0x00000000dcf00000, 0x0000000100000000)
  eden space 92672K, 25% used [0x00000000d6000000,0x00000000d76b9c38,0x00000000dba80000)
  from space 10752K, 35% used [0x00000000dc480000,0x00000000dc83e9a0,0x00000000dcf00000)
  to   space 10240K, 0% used [0x00000000dba80000,0x00000000dba80000,0x00000000dc480000)
 ParOldGen       total 102912K, used 61964K [0x0000000082000000, 0x0000000088480000, 0x00000000d6000000)
  object space 102912K, 60% used [0x0000000082000000,0x0000000085c83038,0x0000000088480000)
 Metaspace       used 31625K, capacity 32834K, committed 33024K, reserved 1077248K
  class space    used 4290K, capacity 4570K, committed 4608K, reserved 1048576K

Card table byte_map: [0x00000000121e0000,0x00000000125e0000] byte_map_base: 0x0000000011dd0000

Marking Bits: (ParMarkBitMap*) 0x000000007635b6d0
 Begin Bits: [0x0000000012c80000, 0x0000000014c00000)
 End Bits:   [0x0000000014c00000, 0x0000000016b80000)

Polling page: 0x0000000002940000

CodeCache: size=245760Kb used=9818Kb max_used=9826Kb free=235941Kb
 bounds [0x0000000002e20000, 0x00000000037d0000, 0x0000000011e20000]
 total_blobs=3592 nmethods=3093 adapters=411
 compilation: enabled

Compilation events (10 events):
Event: 187.186 Thread 0x0000000017948800 nmethod 3479 0x00000000037b9c10 code [0x00000000037b9da0, 0x00000000037ba198]
Event: 187.186 Thread 0x0000000017948800 3480       3       freemarker.core.TemplateObject::setLocation (22 bytes)
Event: 187.187 Thread 0x0000000017948800 nmethod 3480 0x00000000037bd2d0 code [0x00000000037bd440, 0x00000000037bd668]
Event: 187.187 Thread 0x000000001793d000 3481       4       freemarker.core.FMParserTokenManager::jjCheckNAddStates (18 bytes)
Event: 187.188 Thread 0x0000000017948800 3483       3       freemarker.core.FMParserTokenManager::jjAddStates (30 bytes)
Event: 187.188 Thread 0x0000000017948800 nmethod 3483 0x00000000037bd750 code [0x00000000037bd8c0, 0x00000000037bdb10]
Event: 187.188 Thread 0x0000000017948800 3484       3       freemarker.core.TemplateElement::<init> (5 bytes)
Event: 187.188 Thread 0x0000000017948800 nmethod 3484 0x00000000037bdcd0 code [0x00000000037bde40, 0x00000000037be050]
Event: 187.190 Thread 0x000000001793d000 nmethod 3481 0x00000000037c0f90 code [0x00000000037c10e0, 0x00000000037c1338]
Event: 187.190 Thread 0x000000001793d000 3482       4       freemarker.core.FMParser::jj_scan_token (173 bytes)

GC Heap History (10 events):
Event: 18.128 GC heap before
{Heap before GC invocations=8 (full 1):
 PSYoungGen      total 45056K, used 29031K [0x00000000d6000000, 0x00000000db400000, 0x0000000100000000)
  eden space 33280K, 87% used [0x00000000d6000000,0x00000000d7c59f48,0x00000000d8080000)
  from space 11776K, 0% used [0x00000000d8b00000,0x00000000d8b00000,0x00000000d9680000)
  to   space 10752K, 0% used [0x00000000d8080000,0x00000000d8080000,0x00000000d8b00000)
 ParOldGen       total 49152K, used 7537K [0x0000000082000000, 0x0000000085000000, 0x00000000d6000000)
  object space 49152K, 15% used [0x0000000082000000,0x000000008275c4a8,0x0000000085000000)
 Metaspace       used 24593K, capacity 25470K, committed 25600K, reserved 1071104K
  class space    used 3352K, capacity 3556K, committed 3584K, reserved 1048576K
Event: 18.140 GC heap after
Heap after GC invocations=8 (full 1):
 PSYoungGen      total 44032K, used 3231K [0x00000000d6000000, 0x00000000db200000, 0x0000000100000000)
  eden space 33280K, 0% used [0x00000000d6000000,0x00000000d6000000,0x00000000d8080000)
  from space 10752K, 30% used [0x00000000d8080000,0x00000000d83a7c40,0x00000000d8b00000)
  to   space 10752K, 0% used [0x00000000da780000,0x00000000da780000,0x00000000db200000)
 ParOldGen       total 49152K, used 7545K [0x0000000082000000, 0x0000000085000000, 0x00000000d6000000)
  object space 49152K, 15% used [0x0000000082000000,0x000000008275e4a8,0x0000000085000000)
 Metaspace       used 24593K, capacity 25470K, committed 25600K, reserved 1071104K
  class space    used 3352K, capacity 3556K, committed 3584K, reserved 1048576K
}
Event: 22.320 GC heap before
{Heap before GC invocations=9 (full 1):
 PSYoungGen      total 44032K, used 36511K [0x00000000d6000000, 0x00000000db200000, 0x0000000100000000)
  eden space 33280K, 100% used [0x00000000d6000000,0x00000000d8080000,0x00000000d8080000)
  from space 10752K, 30% used [0x00000000d8080000,0x00000000d83a7c40,0x00000000d8b00000)
  to   space 10752K, 0% used [0x00000000da780000,0x00000000da780000,0x00000000db200000)
 ParOldGen       total 49152K, used 7545K [0x0000000082000000, 0x0000000085000000, 0x00000000d6000000)
  object space 49152K, 15% used [0x0000000082000000,0x000000008275e4a8,0x0000000085000000)
 Metaspace       used 26136K, capacity 27136K, committed 27392K, reserved 1073152K
  class space    used 3587K, capacity 3831K, committed 3840K, reserved 1048576K
Event: 22.352 GC heap after
Heap after GC invocations=9 (full 1):
 PSYoungGen      total 72192K, used 3094K [0x00000000d6000000, 0x00000000db180000, 0x0000000100000000)
  eden space 61952K, 0% used [0x00000000d6000000,0x00000000d6000000,0x00000000d9c80000)
  from space 10240K, 30% used [0x00000000da780000,0x00000000daa85988,0x00000000db180000)
  to   space 10752K, 0% used [0x00000000d9c80000,0x00000000d9c80000,0x00000000da700000)
 ParOldGen       total 49152K, used 23937K [0x0000000082000000, 0x0000000085000000, 0x00000000d6000000)
  object space 49152K, 48% used [0x0000000082000000,0x00000000837604b8,0x0000000085000000)
 Metaspace       used 26136K, capacity 27136K, committed 27392K, reserved 1073152K
  class space    used 3587K, capacity 3831K, committed 3840K, reserved 1048576K
}
Event: 154.569 GC heap before
{Heap before GC invocations=10 (full 1):
 PSYoungGen      total 72192K, used 64999K [0x00000000d6000000, 0x00000000db180000, 0x0000000100000000)
  eden space 61952K, 99% used [0x00000000d6000000,0x00000000d9c74630,0x00000000d9c80000)
  from space 10240K, 30% used [0x00000000da780000,0x00000000daa85988,0x00000000db180000)
  to   space 10752K, 0% used [0x00000000d9c80000,0x00000000d9c80000,0x00000000da700000)
 ParOldGen       total 49152K, used 23937K [0x0000000082000000, 0x0000000085000000, 0x00000000d6000000)
  object space 49152K, 48% used [0x0000000082000000,0x00000000837604b8,0x0000000085000000)
 Metaspace       used 28507K, capacity 29726K, committed 29824K, reserved 1075200K
  class space    used 3874K, capacity 4144K, committed 4224K, reserved 1048576K
Event: 154.594 GC heap after
Heap after GC invocations=10 (full 1):
 PSYoungGen      total 72704K, used 6029K [0x00000000d6000000, 0x00000000dcf00000, 0x0000000100000000)
  eden space 61952K, 0% used [0x00000000d6000000,0x00000000d6000000,0x00000000d9c80000)
  from space 10752K, 56% used [0x00000000d9c80000,0x00000000da263720,0x00000000da700000)
  to   space 10752K, 0% used [0x00000000dc480000,0x00000000dc480000,0x00000000dcf00000)
 ParOldGen       total 49152K, used 40329K [0x0000000082000000, 0x0000000085000000, 0x00000000d6000000)
  object space 49152K, 82% used [0x0000000082000000,0x00000000847624c8,0x0000000085000000)
 Metaspace       used 28507K, capacity 29726K, committed 29824K, reserved 1075200K
  class space    used 3874K, capacity 4144K, committed 4224K, reserved 1048576K
}
Event: 154.594 GC heap before
{Heap before GC invocations=11 (full 2):
 PSYoungGen      total 72704K, used 6029K [0x00000000d6000000, 0x00000000dcf00000, 0x0000000100000000)
  eden space 61952K, 0% used [0x00000000d6000000,0x00000000d6000000,0x00000000d9c80000)
  from space 10752K, 56% used [0x00000000d9c80000,0x00000000da263720,0x00000000da700000)
  to   space 10752K, 0% used [0x00000000dc480000,0x00000000dc480000,0x00000000dcf00000)
 ParOldGen       total 49152K, used 40329K [0x0000000082000000, 0x0000000085000000, 0x00000000d6000000)
  object space 49152K, 82% used [0x0000000082000000,0x00000000847624c8,0x0000000085000000)
 Metaspace       used 28507K, capacity 29726K, committed 29824K, reserved 1075200K
  class space    used 3874K, capacity 4144K, committed 4224K, reserved 1048576K
Event: 154.784 GC heap after
Heap after GC invocations=11 (full 2):
 PSYoungGen      total 72704K, used 0K [0x00000000d6000000, 0x00000000dcf00000, 0x0000000100000000)
  eden space 61952K, 0% used [0x00000000d6000000,0x00000000d6000000,0x00000000d9c80000)
  from space 10752K, 0% used [0x00000000d9c80000,0x00000000d9c80000,0x00000000da700000)
  to   space 10752K, 0% used [0x00000000dc480000,0x00000000dc480000,0x00000000dcf00000)
 ParOldGen       total 102912K, used 45508K [0x0000000082000000, 0x0000000088480000, 0x00000000d6000000)
  object space 102912K, 44% used [0x0000000082000000,0x0000000084c71018,0x0000000088480000)
 Metaspace       used 28507K, capacity 29726K, committed 29824K, reserved 1075200K
  class space    used 3874K, capacity 4144K, committed 4224K, reserved 1048576K
}
Event: 186.655 GC heap before
{Heap before GC invocations=12 (full 2):
 PSYoungGen      total 72704K, used 61952K [0x00000000d6000000, 0x00000000dcf00000, 0x0000000100000000)
  eden space 61952K, 100% used [0x00000000d6000000,0x00000000d9c80000,0x00000000d9c80000)
  from space 10752K, 0% used [0x00000000d9c80000,0x00000000d9c80000,0x00000000da700000)
  to   space 10752K, 0% used [0x00000000dc480000,0x00000000dc480000,0x00000000dcf00000)
 ParOldGen       total 102912K, used 45508K [0x0000000082000000, 0x0000000088480000, 0x00000000d6000000)
  object space 102912K, 44% used [0x0000000082000000,0x0000000084c71018,0x0000000088480000)
 Metaspace       used 30340K, capacity 31510K, committed 31744K, reserved 1077248K
  class space    used 4084K, capacity 4344K, committed 4352K, reserved 1048576K
Event: 186.674 GC heap after
Heap after GC invocations=12 (full 2):
 PSYoungGen      total 103424K, used 3834K [0x00000000d6000000, 0x00000000dcf00000, 0x0000000100000000)
  eden space 92672K, 0% used [0x00000000d6000000,0x00000000d6000000,0x00000000dba80000)
  from space 10752K, 35% used [0x00000000dc480000,0x00000000dc83e9a0,0x00000000dcf00000)
  to   space 10240K, 0% used [0x00000000dba80000,0x00000000dba80000,0x00000000dc480000)
 ParOldGen       total 102912K, used 61964K [0x0000000082000000, 0x0000000088480000, 0x00000000d6000000)
  object space 102912K, 60% used [0x0000000082000000,0x0000000085c83038,0x0000000088480000)
 Metaspace       used 30340K, capacity 31510K, committed 31744K, reserved 1077248K
  class space    used 4084K, capacity 4344K, committed 4352K, reserved 1048576K
}

Deoptimization events (10 events):
Event: 41.238 Thread 0x0000000002c28800 Uncommon trap: reason=unstable_if action=reinterpret pc=0x0000000003346fc0 method=sun.nio.cs.UTF_8$Decoder.decodeArrayLoop(Ljava/nio/ByteBuffer;Ljava/nio/CharBuffer;)Ljava/nio/charset/CoderResult; @ 267
Event: 41.244 Thread 0x0000000002c28800 Uncommon trap: reason=unstable_if action=reinterpret pc=0x00000000033595ac method=sun.nio.cs.UTF_8$Decoder.decodeArrayLoop(Ljava/nio/ByteBuffer;Ljava/nio/CharBuffer;)Ljava/nio/charset/CoderResult; @ 267
Event: 41.608 Thread 0x0000000002c28800 Uncommon trap: reason=unstable_if action=reinterpret pc=0x000000000320b468 method=java.util.HashMap.hash(Ljava/lang/Object;)I @ 1
Event: 154.016 Thread 0x0000000002c28800 Uncommon trap: reason=unstable_if action=reinterpret pc=0x0000000002f8d27c method=sun.nio.cs.UTF_8$Encoder.encodeArrayLoop(Ljava/nio/CharBuffer;Ljava/nio/ByteBuffer;)Ljava/nio/charset/CoderResult; @ 87
Event: 154.039 Thread 0x0000000002c28800 Uncommon trap: reason=unstable_if action=reinterpret pc=0x000000000304fb48 method=java.util.regex.Pattern$Dot.isSatisfiedBy(I)Z @ 3
Event: 154.790 Thread 0x0000000002c28800 Uncommon trap: reason=unloaded action=reinterpret pc=0x00000000031f2dd4 method=org.openqa.selenium.json.Input.fill()Z @ 60
Event: 185.572 Thread 0x0000000002c28800 Uncommon trap: reason=unstable_if action=reinterpret pc=0x0000000003184350 method=java.util.regex.Pattern$Dot.isSatisfiedBy(I)Z @ 3
Event: 186.232 Thread 0x0000000002c28800 Uncommon trap: reason=unstable_if action=reinterpret pc=0x0000000002ffe244 method=java.util.Base64$Decoder.decode0([BII[B)I @ 67
Event: 187.175 Thread 0x0000000002c28800 Uncommon trap: reason=unstable_if action=reinterpret pc=0x0000000003788670 method=java.lang.Character.isHighSurrogate(C)Z @ 3
Event: 187.175 Thread 0x0000000002c28800 Uncommon trap: reason=unstable_if action=reinterpret pc=0x00000000030fb618 method=java.lang.Character.isHighSurrogate(C)Z @ 3

Internal exceptions (10 events):
Event: 187.107 Thread 0x0000000002c28800 Exception <a 'java/lang/ClassNotFoundException': com/aventstack/extentreports/TestAttributeTestContextProviderBeanInfo> (0x00000000d71c77e8) thrown at [C:\re\workspace\8-2-build-windows-amd64-cygwin\jdk8u121\8372\hotspot\src\share\vm\classfile\systemDicti
Event: 187.107 Thread 0x0000000002c28800 Exception <a 'java/lang/ClassNotFoundException': com/aventstack/extentreports/TestAttributeTestContextProviderCustomizer> (0x00000000d71ee958) thrown at [C:\re\workspace\8-2-build-windows-amd64-cygwin\jdk8u121\8372\hotspot\src\share\vm\classfile\systemDic
Event: 187.110 Thread 0x0000000002c28800 Exception <a 'java/lang/ClassNotFoundException': com/aventstack/extentreports/ExceptionTestContextImplBeanInfo> (0x00000000d72320c0) thrown at [C:\re\workspace\8-2-build-windows-amd64-cygwin\jdk8u121\8372\hotspot\src\share\vm\classfile\systemDictionary.cp
Event: 187.111 Thread 0x0000000002c28800 Exception <a 'java/lang/ClassNotFoundException': com/aventstack/extentreports/ExceptionTestContextImplCustomizer> (0x00000000d7255e90) thrown at [C:\re\workspace\8-2-build-windows-amd64-cygwin\jdk8u121\8372\hotspot\src\share\vm\classfile\systemDictionary.
Event: 187.117 Thread 0x0000000002c28800 Exception <a 'java/lang/ClassNotFoundException': com/aventstack/extentreports/SessionStatusStatsBeanInfo> (0x00000000d7284058) thrown at [C:\re\workspace\8-2-build-windows-amd64-cygwin\jdk8u121\8372\hotspot\src\share\vm\classfile\systemDictionary.cpp, lin
Event: 187.118 Thread 0x0000000002c28800 Exception <a 'java/lang/ClassNotFoundException': com/aventstack/extentreports/SessionStatusStatsCustomizer> (0x00000000d72a5348) thrown at [C:\re\workspace\8-2-build-windows-amd64-cygwin\jdk8u121\8372\hotspot\src\share\vm\classfile\systemDictionary.cpp, l
Event: 187.131 Thread 0x0000000002c28800 Exception <a 'java/lang/ClassNotFoundException': com/aventstack/extentreports/model/TestBeanInfo> (0x00000000d7345768) thrown at [C:\re\workspace\8-2-build-windows-amd64-cygwin\jdk8u121\8372\hotspot\src\share\vm\classfile\systemDictionary.cpp, line 210]
Event: 187.131 Thread 0x0000000002c28800 Exception <a 'java/lang/ClassNotFoundException': com/aventstack/extentreports/model/TestCustomizer> (0x00000000d7363898) thrown at [C:\re\workspace\8-2-build-windows-amd64-cygwin\jdk8u121\8372\hotspot\src\share\vm\classfile\systemDictionary.cpp, line 210]
Event: 187.137 Thread 0x0000000002c28800 Exception <a 'java/lang/ClassNotFoundException': com/aventstack/extentreports/model/AbstractStructureBeanInfo> (0x00000000d73f62d8) thrown at [C:\re\workspace\8-2-build-windows-amd64-cygwin\jdk8u121\8372\hotspot\src\share\vm\classfile\systemDictionary.cpp
Event: 187.138 Thread 0x0000000002c28800 Exception <a 'java/lang/ClassNotFoundException': com/aventstack/extentreports/model/AbstractStructureCustomizer> (0x00000000d741a340) thrown at [C:\re\workspace\8-2-build-windows-amd64-cygwin\jdk8u121\8372\hotspot\src\share\vm\classfile\systemDictionary.c

Events (10 events):
Event: 187.181 loading class sun/text/normalizer/UCharacterIterator
Event: 187.182 loading class sun/text/normalizer/UCharacterIterator done
Event: 187.182 loading class sun/text/normalizer/ReplaceableUCharacterIterator
Event: 187.182 loading class sun/text/normalizer/ReplaceableUCharacterIterator done
Event: 187.182 loading class sun/text/normalizer/ReplaceableString
Event: 187.183 loading class sun/text/normalizer/Replaceable
Event: 187.183 loading class sun/text/normalizer/Replaceable done
Event: 187.183 loading class sun/text/normalizer/ReplaceableString done
Event: 187.190 loading class freemarker/template/SimpleDate
Event: 187.190 loading class freemarker/template/SimpleDate done


Dynamic libraries:
0x00007ff760160000 - 0x00007ff760197000 	C:\Program Files\Java\jdk1.8.0_121\bin\java.exe
0x00007ffb1d090000 - 0x00007ffb1d288000 	C:\WINDOWS\SYSTEM32\ntdll.dll
0x00007ffb1b370000 - 0x00007ffb1b42d000 	C:\WINDOWS\System32\KERNEL32.DLL
0x00007ffb1ad20000 - 0x00007ffb1afee000 	C:\WINDOWS\System32\KERNELBASE.dll
0x00007ffb1b4e0000 - 0x00007ffb1b58e000 	C:\WINDOWS\System32\ADVAPI32.dll
0x00007ffb1c710000 - 0x00007ffb1c7ae000 	C:\WINDOWS\System32\msvcrt.dll
0x00007ffb1b0f0000 - 0x00007ffb1b18c000 	C:\WINDOWS\System32\sechost.dll
0x00007ffb1c060000 - 0x00007ffb1c185000 	C:\WINDOWS\System32\RPCRT4.dll
0x00007ffb1b590000 - 0x00007ffb1b730000 	C:\WINDOWS\System32\USER32.dll
0x00007ffb1abc0000 - 0x00007ffb1abe2000 	C:\WINDOWS\System32\win32u.dll
0x00007ffb1b7f0000 - 0x00007ffb1b81a000 	C:\WINDOWS\System32\GDI32.dll
0x00007ffb1aab0000 - 0x00007ffb1abbb000 	C:\WINDOWS\System32\gdi32full.dll
0x00007ffb1abf0000 - 0x00007ffb1ac8d000 	C:\WINDOWS\System32\msvcp_win.dll
0x00007ffb1a7b0000 - 0x00007ffb1a8b0000 	C:\WINDOWS\System32\ucrtbase.dll
0x00007ffb04d70000 - 0x00007ffb0500a000 	C:\WINDOWS\WinSxS\amd64_microsoft.windows.common-controls_6595b64144ccf1df_6.0.19041.1110_none_60b5254171f9507e\COMCTL32.dll
0x00007ffb1b340000 - 0x00007ffb1b370000 	C:\WINDOWS\System32\IMM32.DLL
0x00000000763e0000 - 0x00000000764b2000 	C:\Program Files\Java\jdk1.8.0_121\jre\bin\msvcr100.dll
0x0000000075b40000 - 0x00000000763db000 	C:\Program Files\Java\jdk1.8.0_121\jre\bin\server\jvm.dll
0x00007ffb1d040000 - 0x00007ffb1d048000 	C:\WINDOWS\System32\PSAPI.DLL
0x00007ffb15fb0000 - 0x00007ffb15fb9000 	C:\WINDOWS\SYSTEM32\WSOCK32.dll
0x00007ffb1c190000 - 0x00007ffb1c1fb000 	C:\WINDOWS\System32\WS2_32.dll
0x00007ffaf88f0000 - 0x00007ffaf8917000 	C:\WINDOWS\SYSTEM32\WINMM.dll
0x00007ffb13050000 - 0x00007ffb1305a000 	C:\WINDOWS\SYSTEM32\VERSION.dll
0x0000000075b30000 - 0x0000000075b3f000 	C:\Program Files\Java\jdk1.8.0_121\jre\bin\verify.dll
0x0000000075b00000 - 0x0000000075b29000 	C:\Program Files\Java\jdk1.8.0_121\jre\bin\java.dll
0x0000000075010000 - 0x0000000075033000 	C:\Program Files\Java\jdk1.8.0_121\jre\bin\instrument.dll
0x0000000075ae0000 - 0x0000000075af6000 	C:\Program Files\Java\jdk1.8.0_121\jre\bin\zip.dll
0x00007ffb1c7b0000 - 0x00007ffb1cef3000 	C:\WINDOWS\System32\SHELL32.dll
0x00007ffb188a0000 - 0x00007ffb19035000 	C:\WINDOWS\SYSTEM32\windows.storage.dll
0x00007ffb1c200000 - 0x00007ffb1c554000 	C:\WINDOWS\System32\combase.dll
0x00007ffb1a140000 - 0x00007ffb1a170000 	C:\WINDOWS\SYSTEM32\Wldp.dll
0x00007ffb1b430000 - 0x00007ffb1b4dd000 	C:\WINDOWS\System32\SHCORE.dll
0x00007ffb1cf00000 - 0x00007ffb1cf55000 	C:\WINDOWS\System32\shlwapi.dll
0x00007ffb1a6f0000 - 0x00007ffb1a70f000 	C:\WINDOWS\SYSTEM32\profapi.dll
0x00007ffb14f60000 - 0x00007ffb14f7a000 	C:\Program Files\JetBrains\IntelliJ IDEA Community Edition 2022.1.3\bin\breakgen64.dll
0x0000000075ac0000 - 0x0000000075ada000 	C:\Program Files\Java\jdk1.8.0_121\jre\bin\net.dll
0x00007ffb19ea0000 - 0x00007ffb19f0a000 	C:\WINDOWS\system32\mswsock.dll
0x0000000074fe0000 - 0x0000000075004000 	C:\Program Files\Java\jdk1.8.0_121\jre\bin\sunec.dll
0x00007ffb19b90000 - 0x00007ffb19bcb000 	C:\WINDOWS\SYSTEM32\IPHLPAPI.DLL
0x00007ffb1b730000 - 0x00007ffb1b738000 	C:\WINDOWS\System32\NSI.dll
0x00007ffb135a0000 - 0x00007ffb135b7000 	C:\WINDOWS\SYSTEM32\dhcpcsvc6.DLL
0x00007ffb13a60000 - 0x00007ffb13a7d000 	C:\WINDOWS\SYSTEM32\dhcpcsvc.DLL
0x00007ffb19bd0000 - 0x00007ffb19c9a000 	C:\WINDOWS\SYSTEM32\DNSAPI.dll
0x0000000075aa0000 - 0x0000000075ab1000 	C:\Program Files\Java\jdk1.8.0_121\jre\bin\nio.dll
0x00007ffb1a090000 - 0x00007ffb1a0a8000 	C:\WINDOWS\SYSTEM32\CRYPTSP.dll
0x00007ffb19820000 - 0x00007ffb19854000 	C:\WINDOWS\system32\rsaenh.dll
0x00007ffb1aa80000 - 0x00007ffb1aaa7000 	C:\WINDOWS\System32\bcrypt.dll
0x00007ffb1a6b0000 - 0x00007ffb1a6de000 	C:\WINDOWS\SYSTEM32\USERENV.dll
0x00007ffb1ac90000 - 0x00007ffb1ad12000 	C:\WINDOWS\System32\bcryptprimitives.dll
0x00007ffb1a0b0000 - 0x00007ffb1a0bc000 	C:\WINDOWS\SYSTEM32\CRYPTBASE.dll
0x00007ffb0c4a0000 - 0x00007ffb0c4aa000 	C:\Windows\System32\rasadhlp.dll
0x00007ffb0c4f0000 - 0x00007ffb0c570000 	C:\WINDOWS\System32\fwpuclnt.dll
0x0000000075a80000 - 0x0000000075a8b000 	C:\Program Files\Java\jdk1.8.0_121\jre\bin\sunmscapi.dll
0x00007ffb1a8b0000 - 0x00007ffb1aa06000 	C:\WINDOWS\System32\CRYPT32.dll
0x0000000075a90000 - 0x0000000075a9d000 	C:\Program Files\Java\jdk1.8.0_121\jre\bin\management.dll
0x00007ffafe210000 - 0x00007ffafe227000 	C:\WINDOWS\system32\napinsp.dll
0x00007ffafe1f0000 - 0x00007ffafe20b000 	C:\WINDOWS\system32\pnrpnsp.dll
0x00007ffafe1d0000 - 0x00007ffafe1e5000 	C:\WINDOWS\system32\wshbth.dll
0x00007ffb14410000 - 0x00007ffb1442d000 	C:\WINDOWS\system32\NLAapi.dll
0x00007ffafe1b0000 - 0x00007ffafe1c2000 	C:\WINDOWS\System32\winrnr.dll

VM Arguments:
jvm_args: -ea -DnodeNamesHandler=org.jetbrains.plugins.cucumber.java.run.CucumberTestTreeNodeManager -Didea.test.cyclic.buffer.size=1048576 -javaagent:C:\Program Files\JetBrains\IntelliJ IDEA Community Edition 2022.1.3\lib\idea_rt.jar=53022:C:\Program Files\JetBrains\IntelliJ IDEA Community Edition 2022.1.3\bin -Dfile.encoding=UTF-8 
java_command: com.intellij.rt.junit.JUnitStarter -ideVersion5 -junit4 com.automation.runner.TestRunner
java_class_path (initial): C:\Program Files\JetBrains\IntelliJ IDEA Community Edition 2022.1.3\lib\idea_rt.jar;C:\Program Files\JetBrains\IntelliJ IDEA Community Edition 2022.1.3\plugins\junit\lib\junit5-rt.jar;C:\Program Files\JetBrains\IntelliJ IDEA Community Edition 2022.1.3\plugins\junit\lib\junit-rt.jar;C:\Program Files\Java\jdk1.8.0_121\jre\lib\charsets.jar;C:\Program Files\Java\jdk1.8.0_121\jre\lib\deploy.jar;C:\Program Files\Java\jdk1.8.0_121\jre\lib\ext\access-bridge-64.jar;C:\Program Files\Java\jdk1.8.0_121\jre\lib\ext\cldrdata.jar;C:\Program Files\Java\jdk1.8.0_121\jre\lib\ext\dnsns.jar;C:\Program Files\Java\jdk1.8.0_121\jre\lib\ext\jaccess.jar;C:\Program Files\Java\jdk1.8.0_121\jre\lib\ext\jfxrt.jar;C:\Program Files\Java\jdk1.8.0_121\jre\lib\ext\localedata.jar;C:\Program Files\Java\jdk1.8.0_121\jre\lib\ext\nashorn.jar;C:\Program Files\Java\jdk1.8.0_121\jre\lib\ext\sunec.jar;C:\Program Files\Java\jdk1.8.0_121\jre\lib\ext\sunjce_provider.jar;C:\Program Files\Java\jdk1.8.0_121\jre\lib\ext\sunmscapi.jar;C:\Program Files\Java\jdk1.8.0_121\jre\lib\ext\sunpkcs11.jar;C:\Program Files\Java\jdk1.8.0_121\jre\lib\ext\zipfs.jar;C:\Program Files\Java\jdk1.8.0_121\jre\lib\javaws.jar;C:\Program Files\Java\jdk1.8.0_121\jre\lib\jce.jar;C:\Program Files\Java\jdk1.8.0_121\jre\lib\jfr.jar;C:\Program Files\Java\jdk1.8.0_121\jre\lib\jfxswt.jar;C:\Program Files\Java\jdk1.8.0_121\jre\lib\jsse.jar;C:\Program Files\Java\jdk1.8.0_121\jre\lib\management-agent.jar;C:\Program Files\Java\jdk1.8.0_121\jre\lib\plugin.jar;C:\Program Files\Java\jdk1.8.0_121\jre\lib\resources.jar;C:\Program Files\Java\jdk1.8.0_121\jre\lib\rt.jar;C:\homework\AutomationPracticeWeek14\target\test-classes;C:\homework\AutomationPracticeWeek14\target\classes;C:\Users\Divya patel\.m2\repository\junit\junit\4.11\junit-4.11.jar;C:\Users\Divya patel\.m2\repository\org\hamcrest\hamcrest-core\1.3\hamcrest-core-1.3.jar;C:\Users\Divya patel\.m2\repository\org\seleniumhq\selenium\selenium-java\4.0.0\selenium-java-4.0.0.
Launcher Type: SUN_STANDARD

Environment Variables:
JAVA_HOME=C:\Program Files\Java\jdk1.8.0_121
PATH=C:\ProgramData\Oracle\Java\javapath;C:\Program Files (x86)\Intel\iCLS Client\;C:\Program Files\Intel\iCLS Client\;C:\Windows\system32;C:\Windows;C:\Windows\System32\Wbem;C:\Windows\System32\WindowsPowerShell\v1.0\;C:\Program Files (x86)\Intel\Intel(R) Management Engine Components\DAL;C:\Program Files\Intel\Intel(R) Management Engine Components\DAL;C:\Program Files (x86)\Intel\Intel(R) Management Engine Components\IPT;C:\Program Files\Intel\Intel(R) Management Engine Components\IPT;C:\Program Files (x86)\NVIDIA Corporation\PhysX\Common;C:\WINDOWS\system32;C:\WINDOWS;C:\WINDOWS\System32\Wbem;C:\WINDOWS\System32\WindowsPowerShell\v1.0\;C:\WINDOWS\System32\OpenSSH\;C:\Apache24\htdocs\dvwa\config;C:\Program Files\Java\jdk1.8.0_121\bin;C:\Program Files\Git\cmd;C:\Program Files\Apache\apache-maven-3.8.6\bin;C:\Users\Divya patel\AppData\Local\Microsoft\WindowsApps;
USERNAME=Divya patel
OS=Windows_NT
PROCESSOR_IDENTIFIER=Intel64 Family 6 Model 142 Stepping 9, GenuineIntel



---------------  S Y S T E M  ---------------

OS: Windows 10.0 , 64 bit Build 19041 (10.0.19041.1889)

CPU:total 4 (2 cores per cpu, 2 threads per core) family 6 model 142 stepping 9, cmov, cx8, fxsr, mmx, sse, sse2, sse3, ssse3, sse4.1, sse4.2, popcnt, avx, avx2, aes, clmul, erms, 3dnowpref, lzcnt, ht, tsc, tscinvbit, bmi1, bmi2, adx

Memory: 4k page, physical 8253668k(530936k free), swap 25830880k(4436k free)

vm_info: Java HotSpot(TM) 64-Bit Server VM (25.121-b13) for windows-amd64 JRE (1.8.0_121-b13), built on Dec 12 2016 18:21:36 by "java_re" with MS VC++ 10.0 (VS2010)

time: Wed Sep 21 13:04:30 2022
elapsed time: 187 seconds (0d 0h 3m 7s)

